2023-07-10 14:57:52 -> Cerrando long previo ron_usdt Cant: 11.12697922
2023-07-10 16:06:54 -> Cerrando long previo ron_usdt Cant: 11.12697922
2023-07-11 10:35:44 -> Comprar : ron_usdt Cant: 11.90033170804222
2023-07-11 13:00:36 -> Comprar : ron_usdt Cant: 1.4699397324709687e-08
2023-07-11 13:02:01 -> Cerrando long previo ron_usdt Cant: 11.9003317
2023-07-11 13:12:43 -> Cerrando long previo ron_usdt Cant: 11.9003317
<<<<<<< HEAD
2023-07-29 02:33:29 -> Comprar : ron_usdt Cant: 1.42571998859424e-08
2023-07-29 02:37:39 -> Cerrando long previo ron_usdt Cant: 11.14248809
2023-07-29 02:43:57 -> Cerrando long previo ron_usdt Cant: 11.14248809
2023-07-29 02:57:13 -> Comprar : ron_usdt Cant: 11.026967684405765
2023-07-29 02:59:45 -> Comprar : ron_usdt Cant: 0.10842006322645291
2023-07-29 03:00:48 -> Comprar : ron_usdt Cant: 11.061059103449757
=======
2023-07-13 09:53:13 -> Comprar : ron_usdt Cant: 11.505173545666084
2023-07-13 09:57:53 -> Comprar : ron_usdt Cant: 10.05587559425448
2023-07-13 10:54:35 -> Cerrando long previo ron_usdt Cant: 10.05587559
2023-08-01 12:48:58 -> Cerrando long previo ron_usdt Cant: 11.03893698
2023-08-01 13:03:19 -> Cerrando long previo ron_usdt Cant: 11.03893698
2023-08-01 13:20:52 -> Cerrando long previo ron_usdt Cant: 11.03893698
2023-08-01 13:36:58 -> Cerrando long previo ron_usdt Cant: 11.03893698
>>>>>>> ccd133bfe09e8239d911c5cf77d55853dc265c01
